<?xml version="1.0" encoding="UTF-8"?>
<!-- Generated by org.testng.reporters.JUnitReportReporter -->
<testsuite hostname="LT-CHN-44680A" failures="0" tests="1" name="Job.Qawork.Firsttestcase" time="0.007" errors="0" timestamp="2020-08-03T21:58:47 IST" skipped="0">
  <testcase classname="Job.Qawork.Firsttestcase" name="man" time="0.007"/>
  <system-out/>
</testsuite> <!-- Job.Qawork.Firsttestcase -->
