<?xml version="1.0" encoding="UTF-8"?>
<!-- Generated by org.testng.reporters.JUnitReportReporter -->
<testsuite hostname="LT-CHN-44680A" failures="0" tests="1" name="Job.Qawork.AppiumTest" time="0.001" errors="0" timestamp="2020-08-04T22:34:13 IST" skipped="0">
  <testcase classname="Job.Qawork.AppiumTest" name="appium" time="0.001"/>
  <system-out/>
</testsuite> <!-- Job.Qawork.AppiumTest -->
