<?xml version="1.0" encoding="UTF-8"?>
<!-- Generated by org.testng.reporters.JUnitReportReporter -->
<testsuite hostname="LT-CHN-44680A" failures="0" tests="1" name="Job.Qawork.SeleniumTest" time="0.000" errors="0" timestamp="2020-08-04T22:33:58 IST" skipped="0">
  <testcase classname="Job.Qawork.SeleniumTest" name="selenium1" time="0.000"/>
  <system-out/>
</testsuite> <!-- Job.Qawork.SeleniumTest -->
